# JRE version: OpenJDK Runtime Environment Temurin-17.0.7+7 (17.0.7+7) (build 17.0.7+7)
# Java VM: OpenJDK 64-Bit Server VM Temurin-17.0.7+7 (17.0.7+7, mixed mode, tiered, compressed oops, compressed class ptrs, parallel gc, bsd-amd64)
GC Precious Log:
 CPUs: 4 total, 4 available
 Memory: 16384M
 Large Page Support: Disabled
 NUMA Support: Disabled
 Compressed Oops: Enabled (Zero based)
 Alignments: Space 512K, Generation 512K, Heap 2M
 Heap Min Capacity: 100M
 Heap Initial Capacity: 100M
 Heap Max Capacity: 1G
 Pre-touch: Disabled
 Parallel Workers: 4
Heap:
 PSYoungGen      total 26624K, used 9860K [0x00000007eab00000, 0x00000007ecb00000, 0x0000000800000000)
  eden space 23552K, 28% used [0x00000007eab00000,0x00000007eb1a7a30,0x00000007ec200000)
  from space 3072K, 99% used [0x00000007ec680000,0x00000007ec979660,0x00000007ec980000)
  to   space 4608K, 0% used [0x00000007ec200000,0x00000007ec200000,0x00000007ec680000)
 ParOldGen       total 68608K, used 8826K [0x00000007c0000000, 0x00000007c4300000, 0x00000007eab00000)
  object space 68608K, 12% used [0x00000007c0000000,0x00000007c089eb38,0x00000007c4300000)
 Metaspace       used 34072K, committed 34816K, reserved 1114112K
  class space    used 3563K, committed 3904K, reserved 1048576K
GC Heap History (18 events):
Event: 5.189 GC heap before
{Heap before GC invocations=1 (full 0):
 PSYoungGen      total 29696K, used 25600K [0x00000007eab00000, 0x00000007ecc00000, 0x0000000800000000)
  eden space 25600K, 100% used [0x00000007eab00000,0x00000007ec400000,0x00000007ec400000)
  from space 4096K, 0% used [0x00000007ec800000,0x00000007ec800000,0x00000007ecc00000)
  to   space 4096K, 0% used [0x00000007ec400000,0x00000007ec400000,0x00000007ec800000)
 ParOldGen       total 68608K, used 0K [0x00000007c0000000, 0x00000007c4300000, 0x00000007eab00000)
  object space 68608K, 0% used [0x00000007c0000000,0x00000007c0000000,0x00000007c4300000)
 Metaspace       used 11217K, committed 11328K, reserved 1114112K
  class space    used 1140K, committed 1152K, reserved 1048576K
}
Event: 5.199 GC heap after
{Heap after GC invocations=1 (full 0):
 PSYoungGen      total 29696K, used 3122K [0x00000007eab00000, 0x00000007ecc00000, 0x0000000800000000)
  eden space 25600K, 0% used [0x00000007eab00000,0x00000007eab00000,0x00000007ec400000)
  from space 4096K, 76% used [0x00000007ec400000,0x00000007ec70c820,0x00000007ec800000)
  to   space 4096K, 0% used [0x00000007ec800000,0x00000007ec800000,0x00000007ecc00000)
 ParOldGen       total 68608K, used 16K [0x00000007c0000000, 0x00000007c4300000, 0x00000007eab00000)
  object space 68608K, 0% used [0x00000007c0000000,0x00000007c0004000,0x00000007c4300000)
 Metaspace       used 11217K, committed 11328K, reserved 1114112K
  class space    used 1140K, committed 1152K, reserved 1048576K
}
Event: 8.575 GC heap before
{Heap before GC invocations=2 (full 0):
 PSYoungGen      total 29696K, used 28722K [0x00000007eab00000, 0x00000007ecc00000, 0x0000000800000000)
  eden space 25600K, 100% used [0x00000007eab00000,0x00000007ec400000,0x00000007ec400000)
  from space 4096K, 76% used [0x00000007ec400000,0x00000007ec70c820,0x00000007ec800000)
  to   space 4096K, 0% used [0x00000007ec800000,0x00000007ec800000,0x00000007ecc00000)
 ParOldGen       total 68608K, used 16K [0x00000007c0000000, 0x00000007c4300000, 0x00000007eab00000)
  object space 68608K, 0% used [0x00000007c0000000,0x00000007c0004000,0x00000007c4300000)
 Metaspace       used 15361K, committed 15616K, reserved 1114112K
  class space    used 1591K, committed 1728K, reserved 1048576K
}
Event: 8.584 GC heap after
{Heap after GC invocations=2 (full 0):
 PSYoungGen      total 29696K, used 4078K [0x00000007eab00000, 0x00000007ecc00000, 0x0000000800000000)
  eden space 25600K, 0% used [0x00000007eab00000,0x00000007eab00000,0x00000007ec400000)
  from space 4096K, 99% used [0x00000007ec800000,0x00000007ecbfb8a8,0x00000007ecc00000)
  to   space 4096K, 0% used [0x00000007ec400000,0x00000007ec400000,0x00000007ec800000)
 ParOldGen       total 68608K, used 1214K [0x00000007c0000000, 0x00000007c4300000, 0x00000007eab00000)
  object space 68608K, 1% used [0x00000007c0000000,0x00000007c012fb70,0x00000007c4300000)
 Metaspace       used 15361K, committed 15616K, reserved 1114112K
  class space    used 1591K, committed 1728K, reserved 1048576K
}
Event: 11.128 GC heap before
{Heap before GC invocations=3 (full 0):
 PSYoungGen      total 29696K, used 29678K [0x00000007eab00000, 0x00000007ecc00000, 0x0000000800000000)
  eden space 25600K, 100% used [0x00000007eab00000,0x00000007ec400000,0x00000007ec400000)
  from space 4096K, 99% used [0x00000007ec800000,0x00000007ecbfb8a8,0x00000007ecc00000)
  to   space 4096K, 0% used [0x00000007ec400000,0x00000007ec400000,0x00000007ec800000)
 ParOldGen       total 68608K, used 1214K [0x00000007c0000000, 0x00000007c4300000, 0x00000007eab00000)
  object space 68608K, 1% used [0x00000007c0000000,0x00000007c012fb70,0x00000007c4300000)
 Metaspace       used 20255K, committed 20608K, reserved 1114112K
  class space    used 2084K, committed 2240K, reserved 1048576K
}
Event: 11.141 GC heap after
{Heap after GC invocations=3 (full 0):
 PSYoungGen      total 29696K, used 4089K [0x00000007eab00000, 0x00000007ecc00000, 0x0000000800000000)
  eden space 25600K, 0% used [0x00000007eab00000,0x00000007eab00000,0x00000007ec400000)
  from space 4096K, 99% used [0x00000007ec400000,0x00000007ec7fe6f8,0x00000007ec800000)
  to   space 4096K, 0% used [0x00000007ec800000,0x00000007ec800000,0x00000007ecc00000)
 ParOldGen       total 68608K, used 3500K [0x00000007c0000000, 0x00000007c4300000, 0x00000007eab00000)
  object space 68608K, 5% used [0x00000007c0000000,0x00000007c036b318,0x00000007c4300000)
 Metaspace       used 20255K, committed 20608K, reserved 1114112K
  class space    used 2084K, committed 2240K, reserved 1048576K
}
Event: 11.612 GC heap before
{Heap before GC invocations=4 (full 0):
 PSYoungGen      total 29696K, used 9538K [0x00000007eab00000, 0x00000007ecc00000, 0x0000000800000000)
  eden space 25600K, 21% used [0x00000007eab00000,0x00000007eb052130,0x00000007ec400000)
  from space 4096K, 99% used [0x00000007ec400000,0x00000007ec7fe6f8,0x00000007ec800000)
  to   space 4096K, 0% used [0x00000007ec800000,0x00000007ec800000,0x00000007ecc00000)
 ParOldGen       total 68608K, used 3500K [0x00000007c0000000, 0x00000007c4300000, 0x00000007eab00000)
  object space 68608K, 5% used [0x00000007c0000000,0x00000007c036b318,0x00000007c4300000)
 Metaspace       used 21139K, committed 21504K, reserved 1114112K
  class space    used 2184K, committed 2368K, reserved 1048576K
}
Event: 11.619 GC heap after
{Heap after GC invocations=4 (full 0):
 PSYoungGen      total 29696K, used 4083K [0x00000007eab00000, 0x00000007ecc00000, 0x0000000800000000)
  eden space 25600K, 0% used [0x00000007eab00000,0x00000007eab00000,0x00000007ec400000)
  from space 4096K, 99% used [0x00000007ec800000,0x00000007ecbfcec8,0x00000007ecc00000)
  to   space 4096K, 0% used [0x00000007ec400000,0x00000007ec400000,0x00000007ec800000)
 ParOldGen       total 68608K, used 3700K [0x00000007c0000000, 0x00000007c4300000, 0x00000007eab00000)
  object space 68608K, 5% used [0x00000007c0000000,0x00000007c039d328,0x00000007c4300000)
 Metaspace       used 21139K, committed 21504K, reserved 1114112K
  class space    used 2184K, committed 2368K, reserved 1048576K
}
Event: 11.619 GC heap before
{Heap before GC invocations=5 (full 1):
 PSYoungGen      total 29696K, used 4083K [0x00000007eab00000, 0x00000007ecc00000, 0x0000000800000000)
  eden space 25600K, 0% used [0x00000007eab00000,0x00000007eab00000,0x00000007ec400000)
  from space 4096K, 99% used [0x00000007ec800000,0x00000007ecbfcec8,0x00000007ecc00000)
  to   space 4096K, 0% used [0x00000007ec400000,0x00000007ec400000,0x00000007ec800000)
 ParOldGen       total 68608K, used 3700K [0x00000007c0000000, 0x00000007c4300000, 0x00000007eab00000)
  object space 68608K, 5% used [0x00000007c0000000,0x00000007c039d328,0x00000007c4300000)
 Metaspace       used 21139K, committed 21504K, reserved 1114112K
  class space    used 2184K, committed 2368K, reserved 1048576K
}
Event: 11.674 GC heap after
{Heap after GC invocations=5 (full 1):
 PSYoungGen      total 29696K, used 0K [0x00000007eab00000, 0x00000007ecc00000, 0x0000000800000000)
  eden space 25600K, 0% used [0x00000007eab00000,0x00000007eab00000,0x00000007ec400000)
  from space 4096K, 0% used [0x00000007ec800000,0x00000007ec800000,0x00000007ecc00000)
  to   space 4096K, 0% used [0x00000007ec400000,0x00000007ec400000,0x00000007ec800000)
 ParOldGen       total 68608K, used 7646K [0x00000007c0000000, 0x00000007c4300000, 0x00000007eab00000)
  object space 68608K, 11% used [0x00000007c0000000,0x00000007c0777ab8,0x00000007c4300000)
 Metaspace       used 21126K, committed 21504K, reserved 1114112K
  class space    used 2180K, committed 2368K, reserved 1048576K
}
Event: 13.615 GC heap before
{Heap before GC invocations=6 (full 1):
 PSYoungGen      total 29696K, used 25600K [0x00000007eab00000, 0x00000007ecc00000, 0x0000000800000000)
  eden space 25600K, 100% used [0x00000007eab00000,0x00000007ec400000,0x00000007ec400000)
  from space 4096K, 0% used [0x00000007ec800000,0x00000007ec800000,0x00000007ecc00000)
  to   space 4096K, 0% used [0x00000007ec400000,0x00000007ec400000,0x00000007ec800000)
 ParOldGen       total 68608K, used 7646K [0x00000007c0000000, 0x00000007c4300000, 0x00000007eab00000)
  object space 68608K, 11% used [0x00000007c0000000,0x00000007c0777ab8,0x00000007c4300000)
 Metaspace       used 24227K, committed 24832K, reserved 1114112K
  class space    used 2591K, committed 2880K, reserved 1048576K
}
Event: 13.628 GC heap after
{Heap after GC invocations=6 (full 1):
 PSYoungGen      total 27648K, used 2141K [0x00000007eab00000, 0x00000007ec980000, 0x0000000800000000)
  eden space 25088K, 0% used [0x00000007eab00000,0x00000007eab00000,0x00000007ec380000)
  from space 2560K, 83% used [0x00000007ec400000,0x00000007ec617440,0x00000007ec680000)
  to   space 3072K, 0% used [0x00000007ec680000,0x00000007ec680000,0x00000007ec980000)
 ParOldGen       total 68608K, used 7654K [0x00000007c0000000, 0x00000007c4300000, 0x00000007eab00000)
  object space 68608K, 11% used [0x00000007c0000000,0x00000007c0779ab8,0x00000007c4300000)
 Metaspace       used 24227K, committed 24832K, reserved 1114112K
  class space    used 2591K, committed 2880K, reserved 1048576K
}
Event: 14.637 GC heap before
{Heap before GC invocations=7 (full 1):
 PSYoungGen      total 27648K, used 27229K [0x00000007eab00000, 0x00000007ec980000, 0x0000000800000000)
  eden space 25088K, 100% used [0x00000007eab00000,0x00000007ec380000,0x00000007ec380000)
  from space 2560K, 83% used [0x00000007ec400000,0x00000007ec617440,0x00000007ec680000)
  to   space 3072K, 0% used [0x00000007ec680000,0x00000007ec680000,0x00000007ec980000)
 ParOldGen       total 68608K, used 7654K [0x00000007c0000000, 0x00000007c4300000, 0x00000007eab00000)
  object space 68608K, 11% used [0x00000007c0000000,0x00000007c0779ab8,0x00000007c4300000)
 Metaspace       used 27563K, committed 28224K, reserved 1114112K
  class space    used 2829K, committed 3136K, reserved 1048576K
}
Event: 14.640 GC heap after
{Heap after GC invocations=7 (full 1):
 PSYoungGen      total 27648K, used 2695K [0x00000007eab00000, 0x00000007ec980000, 0x0000000800000000)
  eden space 24576K, 0% used [0x00000007eab00000,0x00000007eab00000,0x00000007ec300000)
  from space 3072K, 87% used [0x00000007ec680000,0x00000007ec921da0,0x00000007ec980000)
  to   space 3072K, 0% used [0x00000007ec380000,0x00000007ec380000,0x00000007ec680000)
 ParOldGen       total 68608K, used 7662K [0x00000007c0000000, 0x00000007c4300000, 0x00000007eab00000)
  object space 68608K, 11% used [0x00000007c0000000,0x00000007c077bab8,0x00000007c4300000)
 Metaspace       used 27563K, committed 28224K, reserved 1114112K
  class space    used 2829K, committed 3136K, reserved 1048576K
}
Event: 15.824 GC heap before
{Heap before GC invocations=8 (full 1):
 PSYoungGen      total 27648K, used 27271K [0x00000007eab00000, 0x00000007ec980000, 0x0000000800000000)
  eden space 24576K, 100% used [0x00000007eab00000,0x00000007ec300000,0x00000007ec300000)
  from space 3072K, 87% used [0x00000007ec680000,0x00000007ec921da0,0x00000007ec980000)
  to   space 3072K, 0% used [0x00000007ec380000,0x00000007ec380000,0x00000007ec680000)
 ParOldGen       total 68608K, used 7662K [0x00000007c0000000, 0x00000007c4300000, 0x00000007eab00000)
  object space 68608K, 11% used [0x00000007c0000000,0x00000007c077bab8,0x00000007c4300000)
 Metaspace       used 31596K, committed 32256K, reserved 1114112K
  class space    used 3273K, committed 3584K, reserved 1048576K
}
Event: 15.828 GC heap after
{Heap after GC invocations=8 (full 1):
 PSYoungGen      total 27136K, used 3056K [0x00000007eab00000, 0x00000007ec980000, 0x0000000800000000)
  eden space 24064K, 0% used [0x00000007eab00000,0x00000007eab00000,0x00000007ec280000)
  from space 3072K, 99% used [0x00000007ec380000,0x00000007ec67c268,0x00000007ec680000)
  to   space 3072K, 0% used [0x00000007ec680000,0x00000007ec680000,0x00000007ec980000)
 ParOldGen       total 68608K, used 7782K [0x00000007c0000000, 0x00000007c4300000, 0x00000007eab00000)
  object space 68608K, 11% used [0x00000007c0000000,0x00000007c0799ad8,0x00000007c4300000)
 Metaspace       used 31596K, committed 32256K, reserved 1114112K
  class space    used 3273K, committed 3584K, reserved 1048576K
}
Event: 16.850 GC heap before
{Heap before GC invocations=9 (full 1):
 PSYoungGen      total 27136K, used 27120K [0x00000007eab00000, 0x00000007ec980000, 0x0000000800000000)
  eden space 24064K, 100% used [0x00000007eab00000,0x00000007ec280000,0x00000007ec280000)
  from space 3072K, 99% used [0x00000007ec380000,0x00000007ec67c268,0x00000007ec680000)
  to   space 3072K, 0% used [0x00000007ec680000,0x00000007ec680000,0x00000007ec980000)
 ParOldGen       total 68608K, used 7782K [0x00000007c0000000, 0x00000007c4300000, 0x00000007eab00000)
  object space 68608K, 11% used [0x00000007c0000000,0x00000007c0799ad8,0x00000007c4300000)
 Metaspace       used 33807K, committed 34496K, reserved 1114112K
  class space    used 3516K, committed 3840K, reserved 1048576K
}
Event: 16.854 GC heap after
{Heap after GC invocations=9 (full 1):
 PSYoungGen      total 26624K, used 3045K [0x00000007eab00000, 0x00000007ecb00000, 0x0000000800000000)
  eden space 23552K, 0% used [0x00000007eab00000,0x00000007eab00000,0x00000007ec200000)
  from space 3072K, 99% used [0x00000007ec680000,0x00000007ec979660,0x00000007ec980000)
  to   space 4608K, 0% used [0x00000007ec200000,0x00000007ec200000,0x00000007ec680000)
 ParOldGen       total 68608K, used 8826K [0x00000007c0000000, 0x00000007c4300000, 0x00000007eab00000)
  object space 68608K, 12% used [0x00000007c0000000,0x00000007c089eb38,0x00000007c4300000)
 Metaspace       used 33807K, committed 34496K, reserved 1114112K
  class space    used 3516K, committed 3840K, reserved 1048576K
}

